0 info it worked if it ends with ok
1 verbose cli [ '/usr/bin/node', '/usr/bin/npm', 'start' ]
2 info using npm@1.4.9
3 info using node@v0.10.28
4 verbose node symlink /usr/bin/node
5 verbose run-script [ 'prestart', 'start', 'poststart' ]
6 info prestart CoderHunt@0.3.0
7 info start CoderHunt@0.3.0
8 verbose unsafe-perm in lifecycle true
9 info CoderHunt@0.3.0 Failed to exec start script
10 error CoderHunt@0.3.0 start: `node index.js`
10 error Exit status 8
11 error Failed at the CoderHunt@0.3.0 start script.
11 error This is most likely a problem with the CoderHunt package,
11 error not with npm itself.
11 error Tell the author that this fails on your system:
11 error     node index.js
11 error You can get their info via:
11 error     npm owner ls CoderHunt
11 error There is likely additional logging output above.
12 error System Linux 3.8.0-42-generic
13 error command "/usr/bin/node" "/usr/bin/npm" "start"
14 error cwd /media/gedi/projects/coderhunt.com/coderhunt.com
15 error node -v v0.10.28
16 error npm -v 1.4.9
17 error code ELIFECYCLE
18 verbose exit [ 1, true ]
